Copyright 1986-2020 Xilinx, Inc. All Rights Reserved.
------------------------------------------------------------------------------------------------------------
| Tool Version : Vivado v.2020.2 (lin64) Build 3064766 Wed Nov 18 09:12:47 MST 2020
| Date         : Tue Nov  8 18:54:18 2022
| Host         : DESKTOP-7ILI8OM running 64-bit Ubuntu 18.04.6 LTS
| Command      : report_drc -file system_drc_routed.rpt -pb system_drc_routed.pb -rpx system_drc_routed.rpx
| Design       : system
| Device       : xc7a100tcsg324-1
| Speed File   : -1
| Design State : Fully Routed
------------------------------------------------------------------------------------------------------------

Report DRC

Table of Contents
-----------------
1. REPORT SUMMARY
2. REPORT DETAILS

1. REPORT SUMMARY
-----------------
            Netlist: netlist
          Floorplan: design_1
      Design limits: <entire design considered>
           Ruledeck: default
             Max violations: <unlimited>
             Violations found: 30
+-----------+------------------+------------------------------------------------+------------+
| Rule      | Severity         | Description                                    | Violations |
+-----------+------------------+------------------------------------------------+------------+
| UCIO-1    | Critical Warning | Unconstrained Logical Port                     | 1          |
| BUFC-1    | Warning          | Input Buffer Connections                       | 1          |
| CHECK-3   | Warning          | Report rule limit reached                      | 1          |
| PDRC-153  | Warning          | Gated clock check                              | 3          |
| PLIO-3    | Warning          | Placement Constraints Check for IO constraints | 2          |
| REQP-1839 | Warning          | RAMB36 async control check                     | 20         |
| RPBF-3    | Warning          | IO port buffering is incomplete                | 2          |
+-----------+------------------+------------------------------------------------+------------+

2. REPORT DETAILS
-----------------
UCIO-1#1 Critical Warning
Unconstrained Logical Port  
16 out of 78 logical ports have no user assigned specific location constraint (LOC). This may cause I/O contention or incompatibility with the board power or connectivity affecting performance, signal integrity or in extreme cases cause damage to the device or the components to which it is connected. To correct this violation, specify all pin locations. This design will fail to generate a bitstream unless all logical ports have a user specified site LOC constraint defined.  To allow bitstream creation with unspecified pin locations (not recommended), use this command: set_property SEVERITY {Warning} [get_drc_checks UCIO-1].  NOTE: When using the Vivado Runs infrastructure (e.g. launch_runs Tcl command), add this command to a .tcl file and add that file as a pre-hook for write_bitstream step for the implementation run.  Problem ports: gpioA[10], gpioA[11], gpioA[12], gpioA[13], gpioA[18], gpioA[19], gpioA[8],
gpioA[9], gpioB[25], gpioB[26], gpioB[27], gpioB[28], gpioB[29], gpioB[30],
gpioB[31] (the first 15 of 16 listed).
Related violations: <none>

BUFC-1#1 Warning
Input Buffer Connections  
Input buffer IOBUF_jtag_TDO/IBUF (in IOBUF_jtag_TDO macro) has no loads. It is recommended to have an input buffer drive an internal load.
Related violations: <none>

CHECK-3#1 Warning
Report rule limit reached  
REQP-1839 rule limit reached: 20 violations have been found.
Related violations: <none>

PDRC-153#1 Warning
Gated clock check  
Net dut/u_e203_subsys_top/u_e203_subsys_main/u_e203_subsys_perips/u_sirv_ppi_fab/u_sirv_gnrl_icb_buffer/u_sirv_gnrl_cmd_fifo/dp_gt0.dp_gt1.rptr_vec_31_dfflr/E[0] is a gated clock net sourced by a combinational pin dut/u_e203_subsys_top/u_e203_subsys_main/u_e203_subsys_perips/u_sirv_ppi_fab/u_sirv_gnrl_icb_buffer/u_sirv_gnrl_cmd_fifo/dp_gt0.dp_gt1.rptr_vec_31_dfflr/fifo_tx_data_reg[7]_i_2__0/O, cell dut/u_e203_subsys_top/u_e203_subsys_main/u_e203_subsys_perips/u_sirv_ppi_fab/u_sirv_gnrl_icb_buffer/u_sirv_gnrl_cmd_fifo/dp_gt0.dp_gt1.rptr_vec_31_dfflr/fifo_tx_data_reg[7]_i_2__0. This is not good design practice and will likely impact performance. For SLICE registers, for example, use the CE pin to control the loading of data.
Related violations: <none>

PDRC-153#2 Warning
Gated clock check  
Net dut/u_e203_subsys_top/u_e203_subsys_main/u_e203_subsys_perips/u_sirv_ppi_fab/u_sirv_gnrl_icb_buffer/u_sirv_gnrl_cmd_fifo/dp_gt0.dp_gt1.rptr_vec_31_dfflr/regs_q_reg[31]_8[0] is a gated clock net sourced by a combinational pin dut/u_e203_subsys_top/u_e203_subsys_main/u_e203_subsys_perips/u_sirv_ppi_fab/u_sirv_gnrl_icb_buffer/u_sirv_gnrl_cmd_fifo/dp_gt0.dp_gt1.rptr_vec_31_dfflr/fifo_tx_data_reg[7]_i_2/O, cell dut/u_e203_subsys_top/u_e203_subsys_main/u_e203_subsys_perips/u_sirv_ppi_fab/u_sirv_gnrl_icb_buffer/u_sirv_gnrl_cmd_fifo/dp_gt0.dp_gt1.rptr_vec_31_dfflr/fifo_tx_data_reg[7]_i_2. This is not good design practice and will likely impact performance. For SLICE registers, for example, use the CE pin to control the loading of data.
Related violations: <none>

PDRC-153#3 Warning
Gated clock check  
Net dut/u_e203_subsys_top/u_e203_subsys_main/u_e203_subsys_perips/u_sirv_ppi_fab/u_sirv_gnrl_icb_buffer/u_sirv_gnrl_cmd_fifo/dp_gt0.fifo_rf[1].fifo_rf_dffl/regs_q_reg[31]_0[0] is a gated clock net sourced by a combinational pin dut/u_e203_subsys_top/u_e203_subsys_main/u_e203_subsys_perips/u_sirv_ppi_fab/u_sirv_gnrl_icb_buffer/u_sirv_gnrl_cmd_fifo/dp_gt0.fifo_rf[1].fifo_rf_dffl/fifo_tx_data_reg[7]_i_2__1/O, cell dut/u_e203_subsys_top/u_e203_subsys_main/u_e203_subsys_perips/u_sirv_ppi_fab/u_sirv_gnrl_icb_buffer/u_sirv_gnrl_cmd_fifo/dp_gt0.fifo_rf[1].fifo_rf_dffl/fifo_tx_data_reg[7]_i_2__1. This is not good design practice and will likely impact performance. For SLICE registers, for example, use the CE pin to control the loading of data.
Related violations: <none>

PLIO-3#1 Warning
Placement Constraints Check for IO constraints  
Partially locked IO Bus is found. Following components of the IO Bus gpioA[31:0] are not locked:  gpioA[19] gpioA[18] gpioA[13] gpioA[12] gpioA[11] gpioA[10] gpioA[9] gpioA[8]
Related violations: <none>

PLIO-3#2 Warning
Placement Constraints Check for IO constraints  
Partially locked IO Bus is found. Following components of the IO Bus gpioB[31:0] are not locked:  gpioB[31] gpioB[30] gpioB[29] gpioB[28] gpioB[27] gpioB[26] gpioB[25] gpioB[24]
Related violations: <none>

REQP-1839#1 Warning
RAMB36 async control check  
The RAMB36E1 dut/u_e203_subsys_top/u_e203_subsys_main/u_e203_cpu_top/u_e203_srams/u_e203_dtcm_ram/u_e203_dtcm_gnrl_ram/u_sirv_sim_ram/mem[1].non_last.mem_r_reg_0_0 has an input control pin dut/u_e203_subsys_top/u_e203_subsys_main/u_e203_cpu_top/u_e203_srams/u_e203_dtcm_ram/u_e203_dtcm_gnrl_ram/u_sirv_sim_ram/mem[1].non_last.mem_r_reg_0_0/ADDRARDADDR[14] (net: dut/u_e203_subsys_top/u_e203_subsys_main/u_e203_cpu_top/u_e203_srams/u_e203_dtcm_ram/u_e203_dtcm_gnrl_ram/u_sirv_sim_ram/ADDRARDADDR[13]) which is driven by a register (dut/u_e203_subsys_top/u_e203_subsys_main/u_e203_cpu_top/u_e203_cpu/u_e203_core/u_e203_biu/u_biu_icb_arbt/arbt_num_gt_1_gen.dp_1.u_sirv_gnrl_rspid_fifo/dp_gt_0.vld_dfflr/qout_r_reg[0]) that has an active asychronous set or reset. This may cause corruption of the memory contents and/or read values when the set/reset is asserted and is not analyzed by the default static timing analysis. It is suggested to eliminate the use of a set/reset to registers driving this RAMB pin or else use a synchronous reset in which the assertion of the reset is timed by default.
Related violations: <none>

REQP-1839#2 Warning
RAMB36 async control check  
The RAMB36E1 dut/u_e203_subsys_top/u_e203_subsys_main/u_e203_cpu_top/u_e203_srams/u_e203_dtcm_ram/u_e203_dtcm_gnrl_ram/u_sirv_sim_ram/mem[1].non_last.mem_r_reg_0_0 has an input control pin dut/u_e203_subsys_top/u_e203_subsys_main/u_e203_cpu_top/u_e203_srams/u_e203_dtcm_ram/u_e203_dtcm_gnrl_ram/u_sirv_sim_ram/mem[1].non_last.mem_r_reg_0_0/ADDRARDADDR[14] (net: dut/u_e203_subsys_top/u_e203_subsys_main/u_e203_cpu_top/u_e203_srams/u_e203_dtcm_ram/u_e203_dtcm_gnrl_ram/u_sirv_sim_ram/ADDRARDADDR[13]) which is driven by a register (dut/u_e203_subsys_top/u_e203_subsys_main/u_e203_cpu_top/u_e203_cpu/u_e203_core/u_e203_biu/u_sirv_gnrl_icb_buffer/u_sirv_gnrl_rsp_fifo/dp_gt0.vec_31_dfflr/qout_r_reg[0]) that has an active asychronous set or reset. This may cause corruption of the memory contents and/or read values when the set/reset is asserted and is not analyzed by the default static timing analysis. It is suggested to eliminate the use of a set/reset to registers driving this RAMB pin or else use a synchronous reset in which the assertion of the reset is timed by default.
Related violations: <none>

REQP-1839#3 Warning
RAMB36 async control check  
The RAMB36E1 dut/u_e203_subsys_top/u_e203_subsys_main/u_e203_cpu_top/u_e203_srams/u_e203_dtcm_ram/u_e203_dtcm_gnrl_ram/u_sirv_sim_ram/mem[1].non_last.mem_r_reg_0_0 has an input control pin dut/u_e203_subsys_top/u_e203_subsys_main/u_e203_cpu_top/u_e203_srams/u_e203_dtcm_ram/u_e203_dtcm_gnrl_ram/u_sirv_sim_ram/mem[1].non_last.mem_r_reg_0_0/ADDRARDADDR[14] (net: dut/u_e203_subsys_top/u_e203_subsys_main/u_e203_cpu_top/u_e203_srams/u_e203_dtcm_ram/u_e203_dtcm_gnrl_ram/u_sirv_sim_ram/ADDRARDADDR[13]) which is driven by a register (dut/u_e203_subsys_top/u_e203_subsys_main/u_e203_cpu_top/u_e203_cpu/u_e203_core/u_e203_exu/u_e203_exu_alu/u_e203_exu_alu_lsuagu/icb_leftover_err_dfflr/qout_r_reg[0]) that has an active asychronous set or reset. This may cause corruption of the memory contents and/or read values when the set/reset is asserted and is not analyzed by the default static timing analysis. It is suggested to eliminate the use of a set/reset to registers driving this RAMB pin or else use a synchronous reset in which the assertion of the reset is timed by default.
Related violations: <none>

REQP-1839#4 Warning
RAMB36 async control check  
The RAMB36E1 dut/u_e203_subsys_top/u_e203_subsys_main/u_e203_cpu_top/u_e203_srams/u_e203_dtcm_ram/u_e203_dtcm_gnrl_ram/u_sirv_sim_ram/mem[1].non_last.mem_r_reg_0_0 has an input control pin dut/u_e203_subsys_top/u_e203_subsys_main/u_e203_cpu_top/u_e203_srams/u_e203_dtcm_ram/u_e203_dtcm_gnrl_ram/u_sirv_sim_ram/mem[1].non_last.mem_r_reg_0_0/ADDRARDADDR[14] (net: dut/u_e203_subsys_top/u_e203_subsys_main/u_e203_cpu_top/u_e203_srams/u_e203_dtcm_ram/u_e203_dtcm_gnrl_ram/u_sirv_sim_ram/ADDRARDADDR[13]) which is driven by a register (dut/u_e203_subsys_top/u_e203_subsys_main/u_e203_cpu_top/u_e203_cpu/u_e203_core/u_e203_exu/u_e203_exu_alu/u_e203_exu_alu_lsuagu/icb_state_dfflr/qout_r_reg[0]) that has an active asychronous set or reset. This may cause corruption of the memory contents and/or read values when the set/reset is asserted and is not analyzed by the default static timing analysis. It is suggested to eliminate the use of a set/reset to registers driving this RAMB pin or else use a synchronous reset in which the assertion of the reset is timed by default.
Related violations: <none>

REQP-1839#5 Warning
RAMB36 async control check  
The RAMB36E1 dut/u_e203_subsys_top/u_e203_subsys_main/u_e203_cpu_top/u_e203_srams/u_e203_dtcm_ram/u_e203_dtcm_gnrl_ram/u_sirv_sim_ram/mem[1].non_last.mem_r_reg_0_0 has an input control pin dut/u_e203_subsys_top/u_e203_subsys_main/u_e203_cpu_top/u_e203_srams/u_e203_dtcm_ram/u_e203_dtcm_gnrl_ram/u_sirv_sim_ram/mem[1].non_last.mem_r_reg_0_0/ADDRARDADDR[14] (net: dut/u_e203_subsys_top/u_e203_subsys_main/u_e203_cpu_top/u_e203_srams/u_e203_dtcm_ram/u_e203_dtcm_gnrl_ram/u_sirv_sim_ram/ADDRARDADDR[13]) which is driven by a register (dut/u_e203_subsys_top/u_e203_subsys_main/u_e203_cpu_top/u_e203_cpu/u_e203_core/u_e203_exu/u_e203_exu_alu/u_e203_exu_alu_lsuagu/icb_state_dfflr/qout_r_reg[1]) that has an active asychronous set or reset. This may cause corruption of the memory contents and/or read values when the set/reset is asserted and is not analyzed by the default static timing analysis. It is suggested to eliminate the use of a set/reset to registers driving this RAMB pin or else use a synchronous reset in which the assertion of the reset is timed by default.
Related violations: <none>

REQP-1839#6 Warning
RAMB36 async control check  
The RAMB36E1 dut/u_e203_subsys_top/u_e203_subsys_main/u_e203_cpu_top/u_e203_srams/u_e203_dtcm_ram/u_e203_dtcm_gnrl_ram/u_sirv_sim_ram/mem[1].non_last.mem_r_reg_0_0 has an input control pin dut/u_e203_subsys_top/u_e203_subsys_main/u_e203_cpu_top/u_e203_srams/u_e203_dtcm_ram/u_e203_dtcm_gnrl_ram/u_sirv_sim_ram/mem[1].non_last.mem_r_reg_0_0/ADDRARDADDR[14] (net: dut/u_e203_subsys_top/u_e203_subsys_main/u_e203_cpu_top/u_e203_srams/u_e203_dtcm_ram/u_e203_dtcm_gnrl_ram/u_sirv_sim_ram/ADDRARDADDR[13]) which is driven by a register (dut/u_e203_subsys_top/u_e203_subsys_main/u_e203_cpu_top/u_e203_cpu/u_e203_core/u_e203_exu/u_e203_exu_alu/u_e203_exu_alu_lsuagu/icb_state_dfflr/qout_r_reg[2]) that has an active asychronous set or reset. This may cause corruption of the memory contents and/or read values when the set/reset is asserted and is not analyzed by the default static timing analysis. It is suggested to eliminate the use of a set/reset to registers driving this RAMB pin or else use a synchronous reset in which the assertion of the reset is timed by default.
Related violations: <none>

REQP-1839#7 Warning
RAMB36 async control check  
The RAMB36E1 dut/u_e203_subsys_top/u_e203_subsys_main/u_e203_cpu_top/u_e203_srams/u_e203_dtcm_ram/u_e203_dtcm_gnrl_ram/u_sirv_sim_ram/mem[1].non_last.mem_r_reg_0_0 has an input control pin dut/u_e203_subsys_top/u_e203_subsys_main/u_e203_cpu_top/u_e203_srams/u_e203_dtcm_ram/u_e203_dtcm_gnrl_ram/u_sirv_sim_ram/mem[1].non_last.mem_r_reg_0_0/ADDRARDADDR[14] (net: dut/u_e203_subsys_top/u_e203_subsys_main/u_e203_cpu_top/u_e203_srams/u_e203_dtcm_ram/u_e203_dtcm_gnrl_ram/u_sirv_sim_ram/ADDRARDADDR[13]) which is driven by a register (dut/u_e203_subsys_top/u_e203_subsys_main/u_e203_cpu_top/u_e203_cpu/u_e203_core/u_e203_exu/u_e203_exu_alu/u_e203_exu_alu_muldiv/exec_cnt_dfflr/qout_r_reg[0]) that has an active asychronous set or reset. This may cause corruption of the memory contents and/or read values when the set/reset is asserted and is not analyzed by the default static timing analysis. It is suggested to eliminate the use of a set/reset to registers driving this RAMB pin or else use a synchronous reset in which the assertion of the reset is timed by default.
Related violations: <none>

REQP-1839#8 Warning
RAMB36 async control check  
The RAMB36E1 dut/u_e203_subsys_top/u_e203_subsys_main/u_e203_cpu_top/u_e203_srams/u_e203_dtcm_ram/u_e203_dtcm_gnrl_ram/u_sirv_sim_ram/mem[1].non_last.mem_r_reg_0_0 has an input control pin dut/u_e203_subsys_top/u_e203_subsys_main/u_e203_cpu_top/u_e203_srams/u_e203_dtcm_ram/u_e203_dtcm_gnrl_ram/u_sirv_sim_ram/mem[1].non_last.mem_r_reg_0_0/ADDRARDADDR[14] (net: dut/u_e203_subsys_top/u_e203_subsys_main/u_e203_cpu_top/u_e203_srams/u_e203_dtcm_ram/u_e203_dtcm_gnrl_ram/u_sirv_sim_ram/ADDRARDADDR[13]) which is driven by a register (dut/u_e203_subsys_top/u_e203_subsys_main/u_e203_cpu_top/u_e203_cpu/u_e203_core/u_e203_exu/u_e203_exu_alu/u_e203_exu_alu_muldiv/exec_cnt_dfflr/qout_r_reg[1]) that has an active asychronous set or reset. This may cause corruption of the memory contents and/or read values when the set/reset is asserted and is not analyzed by the default static timing analysis. It is suggested to eliminate the use of a set/reset to registers driving this RAMB pin or else use a synchronous reset in which the assertion of the reset is timed by default.
Related violations: <none>

REQP-1839#9 Warning
RAMB36 async control check  
The RAMB36E1 dut/u_e203_subsys_top/u_e203_subsys_main/u_e203_cpu_top/u_e203_srams/u_e203_dtcm_ram/u_e203_dtcm_gnrl_ram/u_sirv_sim_ram/mem[1].non_last.mem_r_reg_0_0 has an input control pin dut/u_e203_subsys_top/u_e203_subsys_main/u_e203_cpu_top/u_e203_srams/u_e203_dtcm_ram/u_e203_dtcm_gnrl_ram/u_sirv_sim_ram/mem[1].non_last.mem_r_reg_0_0/ADDRARDADDR[14] (net: dut/u_e203_subsys_top/u_e203_subsys_main/u_e203_cpu_top/u_e203_srams/u_e203_dtcm_ram/u_e203_dtcm_gnrl_ram/u_sirv_sim_ram/ADDRARDADDR[13]) which is driven by a register (dut/u_e203_subsys_top/u_e203_subsys_main/u_e203_cpu_top/u_e203_cpu/u_e203_core/u_e203_exu/u_e203_exu_alu/u_e203_exu_alu_muldiv/exec_cnt_dfflr/qout_r_reg[2]) that has an active asychronous set or reset. This may cause corruption of the memory contents and/or read values when the set/reset is asserted and is not analyzed by the default static timing analysis. It is suggested to eliminate the use of a set/reset to registers driving this RAMB pin or else use a synchronous reset in which the assertion of the reset is timed by default.
Related violations: <none>

REQP-1839#10 Warning
RAMB36 async control check  
The RAMB36E1 dut/u_e203_subsys_top/u_e203_subsys_main/u_e203_cpu_top/u_e203_srams/u_e203_dtcm_ram/u_e203_dtcm_gnrl_ram/u_sirv_sim_ram/mem[1].non_last.mem_r_reg_0_0 has an input control pin dut/u_e203_subsys_top/u_e203_subsys_main/u_e203_cpu_top/u_e203_srams/u_e203_dtcm_ram/u_e203_dtcm_gnrl_ram/u_sirv_sim_ram/mem[1].non_last.mem_r_reg_0_0/ADDRARDADDR[14] (net: dut/u_e203_subsys_top/u_e203_subsys_main/u_e203_cpu_top/u_e203_srams/u_e203_dtcm_ram/u_e203_dtcm_gnrl_ram/u_sirv_sim_ram/ADDRARDADDR[13]) which is driven by a register (dut/u_e203_subsys_top/u_e203_subsys_main/u_e203_cpu_top/u_e203_cpu/u_e203_core/u_e203_exu/u_e203_exu_alu/u_e203_exu_alu_muldiv/exec_cnt_dfflr/qout_r_reg[3]) that has an active asychronous set or reset. This may cause corruption of the memory contents and/or read values when the set/reset is asserted and is not analyzed by the default static timing analysis. It is suggested to eliminate the use of a set/reset to registers driving this RAMB pin or else use a synchronous reset in which the assertion of the reset is timed by default.
Related violations: <none>

REQP-1839#11 Warning
RAMB36 async control check  
The RAMB36E1 dut/u_e203_subsys_top/u_e203_subsys_main/u_e203_cpu_top/u_e203_srams/u_e203_dtcm_ram/u_e203_dtcm_gnrl_ram/u_sirv_sim_ram/mem[1].non_last.mem_r_reg_0_0 has an input control pin dut/u_e203_subsys_top/u_e203_subsys_main/u_e203_cpu_top/u_e203_srams/u_e203_dtcm_ram/u_e203_dtcm_gnrl_ram/u_sirv_sim_ram/mem[1].non_last.mem_r_reg_0_0/ADDRARDADDR[14] (net: dut/u_e203_subsys_top/u_e203_subsys_main/u_e203_cpu_top/u_e203_srams/u_e203_dtcm_ram/u_e203_dtcm_gnrl_ram/u_sirv_sim_ram/ADDRARDADDR[13]) which is driven by a register (dut/u_e203_subsys_top/u_e203_subsys_main/u_e203_cpu_top/u_e203_cpu/u_e203_core/u_e203_exu/u_e203_exu_alu/u_e203_exu_alu_muldiv/exec_cnt_dfflr/qout_r_reg[5]) that has an active asychronous set or reset. This may cause corruption of the memory contents and/or read values when the set/reset is asserted and is not analyzed by the default static timing analysis. It is suggested to eliminate the use of a set/reset to registers driving this RAMB pin or else use a synchronous reset in which the assertion of the reset is timed by default.
Related violations: <none>

REQP-1839#12 Warning
RAMB36 async control check  
The RAMB36E1 dut/u_e203_subsys_top/u_e203_subsys_main/u_e203_cpu_top/u_e203_srams/u_e203_dtcm_ram/u_e203_dtcm_gnrl_ram/u_sirv_sim_ram/mem[1].non_last.mem_r_reg_0_0 has an input control pin dut/u_e203_subsys_top/u_e203_subsys_main/u_e203_cpu_top/u_e203_srams/u_e203_dtcm_ram/u_e203_dtcm_gnrl_ram/u_sirv_sim_ram/mem[1].non_last.mem_r_reg_0_0/ADDRARDADDR[14] (net: dut/u_e203_subsys_top/u_e203_subsys_main/u_e203_cpu_top/u_e203_srams/u_e203_dtcm_ram/u_e203_dtcm_gnrl_ram/u_sirv_sim_ram/ADDRARDADDR[13]) which is driven by a register (dut/u_e203_subsys_top/u_e203_subsys_main/u_e203_cpu_top/u_e203_cpu/u_e203_core/u_e203_exu/u_e203_exu_alu/u_e203_exu_alu_muldiv/part_remd_sft1_dfflr/qout_r_reg[0]) that has an active asychronous set or reset. This may cause corruption of the memory contents and/or read values when the set/reset is asserted and is not analyzed by the default static timing analysis. It is suggested to eliminate the use of a set/reset to registers driving this RAMB pin or else use a synchronous reset in which the assertion of the reset is timed by default.
Related violations: <none>

REQP-1839#13 Warning
RAMB36 async control check  
The RAMB36E1 dut/u_e203_subsys_top/u_e203_subsys_main/u_e203_cpu_top/u_e203_srams/u_e203_dtcm_ram/u_e203_dtcm_gnrl_ram/u_sirv_sim_ram/mem[1].non_last.mem_r_reg_0_0 has an input control pin dut/u_e203_subsys_top/u_e203_subsys_main/u_e203_cpu_top/u_e203_srams/u_e203_dtcm_ram/u_e203_dtcm_gnrl_ram/u_sirv_sim_ram/mem[1].non_last.mem_r_reg_0_0/ADDRARDADDR[14] (net: dut/u_e203_subsys_top/u_e203_subsys_main/u_e203_cpu_top/u_e203_srams/u_e203_dtcm_ram/u_e203_dtcm_gnrl_ram/u_sirv_sim_ram/ADDRARDADDR[13]) which is driven by a register (dut/u_e203_subsys_top/u_e203_subsys_main/u_e203_cpu_top/u_e203_cpu/u_e203_core/u_e203_exu/u_e203_exu_alu/u_e203_exu_nice/u_nice_itag_fifo/dp_gt0.rptr_vec_0_dfflrs/qout_r_reg[0]) that has an active asychronous set or reset. This may cause corruption of the memory contents and/or read values when the set/reset is asserted and is not analyzed by the default static timing analysis. It is suggested to eliminate the use of a set/reset to registers driving this RAMB pin or else use a synchronous reset in which the assertion of the reset is timed by default.
Related violations: <none>

REQP-1839#14 Warning
RAMB36 async control check  
The RAMB36E1 dut/u_e203_subsys_top/u_e203_subsys_main/u_e203_cpu_top/u_e203_srams/u_e203_dtcm_ram/u_e203_dtcm_gnrl_ram/u_sirv_sim_ram/mem[1].non_last.mem_r_reg_0_0 has an input control pin dut/u_e203_subsys_top/u_e203_subsys_main/u_e203_cpu_top/u_e203_srams/u_e203_dtcm_ram/u_e203_dtcm_gnrl_ram/u_sirv_sim_ram/mem[1].non_last.mem_r_reg_0_0/ADDRARDADDR[14] (net: dut/u_e203_subsys_top/u_e203_subsys_main/u_e203_cpu_top/u_e203_srams/u_e203_dtcm_ram/u_e203_dtcm_gnrl_ram/u_sirv_sim_ram/ADDRARDADDR[13]) which is driven by a register (dut/u_e203_subsys_top/u_e203_subsys_main/u_e203_cpu_top/u_e203_cpu/u_e203_core/u_e203_exu/u_e203_exu_alu/u_e203_exu_nice/u_nice_itag_fifo/dp_gt0.vec_31_dfflr/qout_r_reg[0]) that has an active asychronous set or reset. This may cause corruption of the memory contents and/or read values when the set/reset is asserted and is not analyzed by the default static timing analysis. It is suggested to eliminate the use of a set/reset to registers driving this RAMB pin or else use a synchronous reset in which the assertion of the reset is timed by default.
Related violations: <none>

REQP-1839#15 Warning
RAMB36 async control check  
The RAMB36E1 dut/u_e203_subsys_top/u_e203_subsys_main/u_e203_cpu_top/u_e203_srams/u_e203_dtcm_ram/u_e203_dtcm_gnrl_ram/u_sirv_sim_ram/mem[1].non_last.mem_r_reg_0_0 has an input control pin dut/u_e203_subsys_top/u_e203_subsys_main/u_e203_cpu_top/u_e203_srams/u_e203_dtcm_ram/u_e203_dtcm_gnrl_ram/u_sirv_sim_ram/mem[1].non_last.mem_r_reg_0_0/ADDRARDADDR[14] (net: dut/u_e203_subsys_top/u_e203_subsys_main/u_e203_cpu_top/u_e203_srams/u_e203_dtcm_ram/u_e203_dtcm_gnrl_ram/u_sirv_sim_ram/ADDRARDADDR[13]) which is driven by a register (dut/u_e203_subsys_top/u_e203_subsys_main/u_e203_cpu_top/u_e203_cpu/u_e203_core/u_e203_exu/u_e203_exu_commit/u_e203_exu_excp/step_req_dfflr/qout_r_reg[0]) that has an active asychronous set or reset. This may cause corruption of the memory contents and/or read values when the set/reset is asserted and is not analyzed by the default static timing analysis. It is suggested to eliminate the use of a set/reset to registers driving this RAMB pin or else use a synchronous reset in which the assertion of the reset is timed by default.
Related violations: <none>

REQP-1839#16 Warning
RAMB36 async control check  
The RAMB36E1 dut/u_e203_subsys_top/u_e203_subsys_main/u_e203_cpu_top/u_e203_srams/u_e203_dtcm_ram/u_e203_dtcm_gnrl_ram/u_sirv_sim_ram/mem[1].non_last.mem_r_reg_0_0 has an input control pin dut/u_e203_subsys_top/u_e203_subsys_main/u_e203_cpu_top/u_e203_srams/u_e203_dtcm_ram/u_e203_dtcm_gnrl_ram/u_sirv_sim_ram/mem[1].non_last.mem_r_reg_0_0/ADDRARDADDR[14] (net: dut/u_e203_subsys_top/u_e203_subsys_main/u_e203_cpu_top/u_e203_srams/u_e203_dtcm_ram/u_e203_dtcm_gnrl_ram/u_sirv_sim_ram/ADDRARDADDR[13]) which is driven by a register (dut/u_e203_subsys_top/u_e203_subsys_main/u_e203_cpu_top/u_e203_cpu/u_e203_core/u_e203_exu/u_e203_exu_commit/u_e203_exu_excp/wfi_halt_req_dfflr/qout_r_reg[0]) that has an active asychronous set or reset. This may cause corruption of the memory contents and/or read values when the set/reset is asserted and is not analyzed by the default static timing analysis. It is suggested to eliminate the use of a set/reset to registers driving this RAMB pin or else use a synchronous reset in which the assertion of the reset is timed by default.
Related violations: <none>

REQP-1839#17 Warning
RAMB36 async control check  
The RAMB36E1 dut/u_e203_subsys_top/u_e203_subsys_main/u_e203_cpu_top/u_e203_srams/u_e203_dtcm_ram/u_e203_dtcm_gnrl_ram/u_sirv_sim_ram/mem[1].non_last.mem_r_reg_0_0 has an input control pin dut/u_e203_subsys_top/u_e203_subsys_main/u_e203_cpu_top/u_e203_srams/u_e203_dtcm_ram/u_e203_dtcm_gnrl_ram/u_sirv_sim_ram/mem[1].non_last.mem_r_reg_0_0/ADDRARDADDR[14] (net: dut/u_e203_subsys_top/u_e203_subsys_main/u_e203_cpu_top/u_e203_srams/u_e203_dtcm_ram/u_e203_dtcm_gnrl_ram/u_sirv_sim_ram/ADDRARDADDR[13]) which is driven by a register (dut/u_e203_subsys_top/u_e203_subsys_main/u_e203_cpu_top/u_e203_cpu/u_e203_core/u_e203_exu/u_e203_exu_csr/mie_dfflr/qout_r_reg[11]) that has an active asychronous set or reset. This may cause corruption of the memory contents and/or read values when the set/reset is asserted and is not analyzed by the default static timing analysis. It is suggested to eliminate the use of a set/reset to registers driving this RAMB pin or else use a synchronous reset in which the assertion of the reset is timed by default.
Related violations: <none>

REQP-1839#18 Warning
RAMB36 async control check  
The RAMB36E1 dut/u_e203_subsys_top/u_e203_subsys_main/u_e203_cpu_top/u_e203_srams/u_e203_dtcm_ram/u_e203_dtcm_gnrl_ram/u_sirv_sim_ram/mem[1].non_last.mem_r_reg_0_0 has an input control pin dut/u_e203_subsys_top/u_e203_subsys_main/u_e203_cpu_top/u_e203_srams/u_e203_dtcm_ram/u_e203_dtcm_gnrl_ram/u_sirv_sim_ram/mem[1].non_last.mem_r_reg_0_0/ADDRARDADDR[14] (net: dut/u_e203_subsys_top/u_e203_subsys_main/u_e203_cpu_top/u_e203_srams/u_e203_dtcm_ram/u_e203_dtcm_gnrl_ram/u_sirv_sim_ram/ADDRARDADDR[13]) which is driven by a register (dut/u_e203_subsys_top/u_e203_subsys_main/u_e203_cpu_top/u_e203_cpu/u_e203_core/u_e203_exu/u_e203_exu_csr/mie_dfflr/qout_r_reg[3]) that has an active asychronous set or reset. This may cause corruption of the memory contents and/or read values when the set/reset is asserted and is not analyzed by the default static timing analysis. It is suggested to eliminate the use of a set/reset to registers driving this RAMB pin or else use a synchronous reset in which the assertion of the reset is timed by default.
Related violations: <none>

REQP-1839#19 Warning
RAMB36 async control check  
The RAMB36E1 dut/u_e203_subsys_top/u_e203_subsys_main/u_e203_cpu_top/u_e203_srams/u_e203_dtcm_ram/u_e203_dtcm_gnrl_ram/u_sirv_sim_ram/mem[1].non_last.mem_r_reg_0_0 has an input control pin dut/u_e203_subsys_top/u_e203_subsys_main/u_e203_cpu_top/u_e203_srams/u_e203_dtcm_ram/u_e203_dtcm_gnrl_ram/u_sirv_sim_ram/mem[1].non_last.mem_r_reg_0_0/ADDRARDADDR[14] (net: dut/u_e203_subsys_top/u_e203_subsys_main/u_e203_cpu_top/u_e203_srams/u_e203_dtcm_ram/u_e203_dtcm_gnrl_ram/u_sirv_sim_ram/ADDRARDADDR[13]) which is driven by a register (dut/u_e203_subsys_top/u_e203_subsys_main/u_e203_cpu_top/u_e203_cpu/u_e203_core/u_e203_exu/u_e203_exu_oitf/depth_gt1.alc_ptr_dfflrs/qout_r_reg[0]) that has an active asychronous set or reset. This may cause corruption of the memory contents and/or read values when the set/reset is asserted and is not analyzed by the default static timing analysis. It is suggested to eliminate the use of a set/reset to registers driving this RAMB pin or else use a synchronous reset in which the assertion of the reset is timed by default.
Related violations: <none>

REQP-1839#20 Warning
RAMB36 async control check  
The RAMB36E1 dut/u_e203_subsys_top/u_e203_subsys_main/u_e203_cpu_top/u_e203_srams/u_e203_dtcm_ram/u_e203_dtcm_gnrl_ram/u_sirv_sim_ram/mem[1].non_last.mem_r_reg_0_0 has an input control pin dut/u_e203_subsys_top/u_e203_subsys_main/u_e203_cpu_top/u_e203_srams/u_e203_dtcm_ram/u_e203_dtcm_gnrl_ram/u_sirv_sim_ram/mem[1].non_last.mem_r_reg_0_0/ADDRARDADDR[14] (net: dut/u_e203_subsys_top/u_e203_subsys_main/u_e203_cpu_top/u_e203_srams/u_e203_dtcm_ram/u_e203_dtcm_gnrl_ram/u_sirv_sim_ram/ADDRARDADDR[13]) which is driven by a register (dut/u_e203_subsys_top/u_e203_subsys_main/u_e203_cpu_top/u_e203_cpu/u_e203_core/u_e203_exu/u_e203_exu_oitf/depth_gt1.alc_ptr_flg_dfflrs/qout_r_reg[0]) that has an active asychronous set or reset. This may cause corruption of the memory contents and/or read values when the set/reset is asserted and is not analyzed by the default static timing analysis. It is suggested to eliminate the use of a set/reset to registers driving this RAMB pin or else use a synchronous reset in which the assertion of the reset is timed by default.
Related violations: <none>

RPBF-3#1 Warning
IO port buffering is incomplete  
Device port pmu_paden expects both input and output buffering but the buffers are incomplete.
Related violations: <none>

RPBF-3#2 Warning
IO port buffering is incomplete  
Device port pmu_padrst expects both input and output buffering but the buffers are incomplete.
Related violations: <none>


